<?xml version="1.0" encoding="UTF-8"?>
<testsuite name="assignment_1.SqlLibTest" tests="3" skipped="0" failures="0" errors="0" timestamp="2022-02-11T18:26:51" hostname="LEGION-JAYANTH" time="0.521">
  <properties/>
  <testcase name="selectOne" classname="assignment_1.SqlLibTest" time="0.332"/>
  <testcase name="selectMany" classname="assignment_1.SqlLibTest" time="0.146"/>
  <testcase name="Update" classname="assignment_1.SqlLibTest" time="0.041"/>
  <system-out><![CDATA[ALASKA PHANTOM
Lassignment_1/Film;
Lassignment_1/Film;
ALASKA PHANTOM
ALI FOREVER
Lassignment_1/Country;
Lassignment_1/Country;
Lassignment_1/Country;
Lassignment_1/Country;
Lassignment_1/Country;
Lassignment_1/Country;
Lassignment_1/Country;
Lassignment_1/Country;
Lassignment_1/Country;
Lassignment_1/Country;
Lassignment_1/Country;
Lassignment_1/Country;
Lassignment_1/Country;
Lassignment_1/Country;
Lassignment_1/Country;
Lassignment_1/Country;
Lassignment_1/Country;
Lassignment_1/Country;
Lassignment_1/Country;
Lassignment_1/Country;
Lassignment_1/Country;
Lassignment_1/Country;
Lassignment_1/Country;
Lassignment_1/Country;
Lassignment_1/Country;
Lassignment_1/Country;
Lassignment_1/Country;
Lassignment_1/Country;
Lassignment_1/Country;
Lassignment_1/Country;
Lassignment_1/Country;
Lassignment_1/Country;
Lassignment_1/Country;
Lassignment_1/Country;
Lassignment_1/Country;
Lassignment_1/Country;
Lassignment_1/Country;
Lassignment_1/Country;
Lassignment_1/Country;
Lassignment_1/Country;
Lassignment_1/Country;
Lassignment_1/Country;
Lassignment_1/Country;
Lassignment_1/Country;
Lassignment_1/Country;
Lassignment_1/Country;
Lassignment_1/Country;
Lassignment_1/Country;
Lassignment_1/Country;
Lassignment_1/Country;
Lassignment_1/Country;
Lassignment_1/Country;
Lassignment_1/Country;
Lassignment_1/Country;
Lassignment_1/Country;
Lassignment_1/Country;
Lassignment_1/Country;
Lassignment_1/Country;
Lassignment_1/Country;
Lassignment_1/Country;
Lassignment_1/Country;
Lassignment_1/Country;
Lassignment_1/Country;
Lassignment_1/Country;
Lassignment_1/Country;
Lassignment_1/Country;
Lassignment_1/Country;
Lassignment_1/Country;
Lassignment_1/Country;
Lassignment_1/Country;
Lassignment_1/Country;
Lassignment_1/Country;
Lassignment_1/Country;
Lassignment_1/Country;
Lassignment_1/Country;
Lassignment_1/Country;
Lassignment_1/Country;
Lassignment_1/Country;
Lassignment_1/Country;
Lassignment_1/Country;
Lassignment_1/Country;
Lassignment_1/Country;
Lassignment_1/Country;
Lassignment_1/Country;
Lassignment_1/Country;
Lassignment_1/Country;
Lassignment_1/Country;
Lassignment_1/Country;
Lassignment_1/Country;
Lassignment_1/Country;
Lassignment_1/Country;
Lassignment_1/Country;
Lassignment_1/Country;
Lassignment_1/Country;
Lassignment_1/Country;
Lassignment_1/Country;
Lassignment_1/Country;
Lassignment_1/Country;
Lassignment_1/Country;
Lassignment_1/Country;
Lassignment_1/Country;
Lassignment_1/Country;
Lassignment_1/Country;
Lassignment_1/Country;
Lassignment_1/Country;
Lassignment_1/Country;
Lassignment_1/Country;
Lassignment_1/Country;
Lassignment_1/Country;
Afghanistan
Algeria
American Samoa
Angola
Anguilla
Argentina
Armenia
Australia
Austria
Azerbaijan
Bahrain
Bangladesh
Belarus
Bolivia
Brazil
Brunei
Bulgaria
Cambodia
Cameroon
Canada
Chad
Chile
China
Colombia
Congo, The Democratic Republic of the
Czech Republic
Dominican Republic
Ecuador
Egypt
Estonia
Ethiopia
Faroe Islands
Finland
France
French Guiana
French Polynesia
Gambia
Germany
Greece
Greenland
Holy See (Vatican City State)
Hong Kong
Hungary
India
Indonesia
Iran
Iraq
Israel
Italy
Japan
Kazakstan
Kenya
Kuwait
Latvia
Liechtenstein
Lithuania
Madagascar
Malawi
Malaysia
Mexico
Moldova
Morocco
Mozambique
Myanmar
Nauru
Nepal
Netherlands
New Zealand
Nigeria
North Korea
Oman
Pakistan
Paraguay
Peru
Philippines
Poland
Puerto Rico
Romania
Runion
Russian Federation
Saint Vincent and the Grenadines
Saudi Arabia
Senegal
Slovakia
South Africa
South Korea
Spain
Sri Lanka
Sudan
Sweden
Switzerland
Taiwan
Tanzania
Thailand
Tonga
Tunisia
Turkey
Turkmenistan
Tuvalu
Ukraine
United Arab Emirates
United Kingdom
United States
Venezuela
Vietnam
Virgin Islands, U.S.
Yemen
Yugoslavia
Zambia
1
]]></system-out>
  <system-err><![CDATA[Feb 11, 2022 11:56:51 PM assignment_1.SqlLib <init>
INFO: The Constructor has been Invoked
Feb 11, 2022 11:56:51 PM assignment_1.SqlLib <init>
INFO: Trying to parse the xml file: src\test\resources\Queries.xml
Feb 11, 2022 11:56:51 PM assignment_1.SqlLib <init>
INFO: Getting all the <sql> tags
Feb 11, 2022 11:56:51 PM assignment_1.SqlLib <init>
INFO: Read the query.Query id: findMovies query: SELECT a, b, c FROM film WHERE x in ${propX[]} AND y=${propY}; paramType: org.foo.Bar
Feb 11, 2022 11:56:51 PM assignment_1.SqlLib <init>
INFO: Read the query.Query id: addMovie query: INSERT INTO film(x, y, x) VALUES(${propX}, ${propY}, ${propZ}); paramType: org.foo.Bar
Feb 11, 2022 11:56:51 PM assignment_1.SqlLib <init>
INFO: Read the query.Query id: getMovieById query: SELECT * FROM film WHERE film_id=${propX}; paramType: org.foo.Bar
Feb 11, 2022 11:56:51 PM assignment_1.SqlLib <init>
INFO: Read the query.Query id: getMoviesById query: SELECT * FROM film WHERE film_id IN ${propX[]}; paramType: org.foo.Bar
Feb 11, 2022 11:56:51 PM assignment_1.SqlLib <init>
INFO: Read the query.Query id: selectCountries query: SELECT * FROM country; paramType: org.foo.Bar
Feb 11, 2022 11:56:51 PM assignment_1.SqlLib <init>
INFO: Read the query.Query id: updateName query: UPDATE COUNTRY SET country=${propX} WHERE country_id= ${propY}; paramType: org.foo.Bar
Feb 11, 2022 11:56:51 PM assignment_1.SqlLib <init>
INFO: Read the query.Query id: updateFilmYear query: UPDATE film SET release_year=${propX} WHERE film_id= ${propY}; paramType: org.foo.Bar
Feb 11, 2022 11:56:51 PM assignment_1.SqlLib <init>
INFO: Succesfully read the XML file
Feb 11, 2022 11:56:51 PM assignment_1.SqlLib constructQuery
INFO: Started Constructing the query with queryId: getMovieById
Feb 11, 2022 11:56:51 PM assignment_1.SqlLib constructQuery
INFO: SELECT * FROM film WHERE film_id=${propX};
Feb 11, 2022 11:56:51 PM assignment_1.SqlLib constructQuery
INFO: ParamType: org.foo.Bar
Feb 11, 2022 11:56:51 PM assignment_1.SqlLib executeQuery
INFO: Executing the query SELECT * FROM film WHERE film_id=12;
Feb 11, 2022 11:56:52 PM assignment_1.SqlLib executeQuery
INFO: Succesfully executed the query
Feb 11, 2022 11:56:52 PM assignment_1.SqlLib selectOne
INFO: film_id: 12
Feb 11, 2022 11:56:52 PM assignment_1.SqlLib selectOne
INFO: title: ALASKA PHANTOM
Feb 11, 2022 11:56:52 PM assignment_1.SqlLib selectOne
INFO: description: A Fanciful Saga of a Hunter And a Pastry Chef who must Vanquish a Boy in Australia
Feb 11, 2022 11:56:52 PM assignment_1.SqlLib selectOne
INFO: release_year: 2006-01-01
Feb 11, 2022 11:56:52 PM assignment_1.SqlLib selectOne
INFO: language_id: 1
Feb 11, 2022 11:56:52 PM assignment_1.SqlLib selectOne
INFO: original_language_id: null
Feb 11, 2022 11:56:52 PM assignment_1.SqlLib selectOne
INFO: rental_duration: 6
Feb 11, 2022 11:56:52 PM assignment_1.SqlLib selectOne
INFO: rental_rate: 0.99
Feb 11, 2022 11:56:52 PM assignment_1.SqlLib selectOne
INFO: length: 136
Feb 11, 2022 11:56:52 PM assignment_1.SqlLib selectOne
INFO: replacement_cost: 22.99
Feb 11, 2022 11:56:52 PM assignment_1.SqlLib selectOne
INFO: rating: PG
Feb 11, 2022 11:56:52 PM assignment_1.SqlLib selectOne
INFO: special_features: Commentaries,Deleted Scenes
Feb 11, 2022 11:56:52 PM assignment_1.SqlLib selectOne
INFO: last_update: 2006-02-15 05:03:42
Feb 11, 2022 11:56:52 PM assignment_1.SqlLib <init>
INFO: The Constructor has been Invoked
Feb 11, 2022 11:56:52 PM assignment_1.SqlLib <init>
INFO: Trying to parse the xml file: src\test\resources\Queries.xml
Feb 11, 2022 11:56:52 PM assignment_1.SqlLib <init>
INFO: Getting all the <sql> tags
Feb 11, 2022 11:56:52 PM assignment_1.SqlLib <init>
INFO: Read the query.Query id: findMovies query: SELECT a, b, c FROM film WHERE x in ${propX[]} AND y=${propY}; paramType: org.foo.Bar
Feb 11, 2022 11:56:52 PM assignment_1.SqlLib <init>
INFO: Read the query.Query id: addMovie query: INSERT INTO film(x, y, x) VALUES(${propX}, ${propY}, ${propZ}); paramType: org.foo.Bar
Feb 11, 2022 11:56:52 PM assignment_1.SqlLib <init>
INFO: Read the query.Query id: getMovieById query: SELECT * FROM film WHERE film_id=${propX}; paramType: org.foo.Bar
Feb 11, 2022 11:56:52 PM assignment_1.SqlLib <init>
INFO: Read the query.Query id: getMoviesById query: SELECT * FROM film WHERE film_id IN ${propX[]}; paramType: org.foo.Bar
Feb 11, 2022 11:56:52 PM assignment_1.SqlLib <init>
INFO: Read the query.Query id: selectCountries query: SELECT * FROM country; paramType: org.foo.Bar
Feb 11, 2022 11:56:52 PM assignment_1.SqlLib <init>
INFO: Read the query.Query id: updateName query: UPDATE COUNTRY SET country=${propX} WHERE country_id= ${propY}; paramType: org.foo.Bar
Feb 11, 2022 11:56:52 PM assignment_1.SqlLib <init>
INFO: Read the query.Query id: updateFilmYear query: UPDATE film SET release_year=${propX} WHERE film_id= ${propY}; paramType: org.foo.Bar
Feb 11, 2022 11:56:52 PM assignment_1.SqlLib <init>
INFO: Succesfully read the XML file
Feb 11, 2022 11:56:52 PM assignment_1.SqlLib constructQuery
INFO: Started Constructing the query with queryId: getMoviesById
Feb 11, 2022 11:56:52 PM assignment_1.SqlLib constructQuery
INFO: SELECT * FROM film WHERE film_id IN ${propX[]};
Feb 11, 2022 11:56:52 PM assignment_1.SqlLib constructQuery
INFO: ParamType: org.foo.Bar
Feb 11, 2022 11:56:52 PM assignment_1.SqlLib executeQuery
INFO: Executing the query SELECT * FROM film WHERE film_id IN (12,13);
Feb 11, 2022 11:56:52 PM assignment_1.SqlLib executeQuery
INFO: Succesfully executed the query
Feb 11, 2022 11:56:52 PM assignment_1.SqlLib selectMany
INFO: film_id: 12
Feb 11, 2022 11:56:52 PM assignment_1.SqlLib selectMany
INFO: title: ALASKA PHANTOM
Feb 11, 2022 11:56:52 PM assignment_1.SqlLib selectMany
INFO: description: A Fanciful Saga of a Hunter And a Pastry Chef who must Vanquish a Boy in Australia
Feb 11, 2022 11:56:52 PM assignment_1.SqlLib selectMany
INFO: release_year: 2006-01-01
Feb 11, 2022 11:56:52 PM assignment_1.SqlLib selectMany
INFO: language_id: 1
Feb 11, 2022 11:56:52 PM assignment_1.SqlLib selectMany
INFO: original_language_id: null
Feb 11, 2022 11:56:52 PM assignment_1.SqlLib selectMany
INFO: rental_duration: 6
Feb 11, 2022 11:56:52 PM assignment_1.SqlLib selectMany
INFO: rental_rate: 0.99
Feb 11, 2022 11:56:52 PM assignment_1.SqlLib selectMany
INFO: length: 136
Feb 11, 2022 11:56:52 PM assignment_1.SqlLib selectMany
INFO: replacement_cost: 22.99
Feb 11, 2022 11:56:52 PM assignment_1.SqlLib selectMany
INFO: rating: PG
Feb 11, 2022 11:56:52 PM assignment_1.SqlLib selectMany
INFO: special_features: Commentaries,Deleted Scenes
Feb 11, 2022 11:56:52 PM assignment_1.SqlLib selectMany
INFO: last_update: 2006-02-15 05:03:42
Feb 11, 2022 11:56:52 PM assignment_1.SqlLib selectMany
INFO: film_id: 13
Feb 11, 2022 11:56:52 PM assignment_1.SqlLib selectMany
INFO: title: ALI FOREVER
Feb 11, 2022 11:56:52 PM assignment_1.SqlLib selectMany
INFO: description: A Action-Packed Drama of a Dentist And a Crocodile who must Battle a Feminist in The Canadian Rockies
Feb 11, 2022 11:56:52 PM assignment_1.SqlLib selectMany
INFO: release_year: 2006-01-01
Feb 11, 2022 11:56:52 PM assignment_1.SqlLib selectMany
INFO: language_id: 1
Feb 11, 2022 11:56:52 PM assignment_1.SqlLib selectMany
INFO: original_language_id: null
Feb 11, 2022 11:56:52 PM assignment_1.SqlLib selectMany
INFO: rental_duration: 4
Feb 11, 2022 11:56:52 PM assignment_1.SqlLib selectMany
INFO: rental_rate: 4.99
Feb 11, 2022 11:56:52 PM assignment_1.SqlLib selectMany
INFO: length: 150
Feb 11, 2022 11:56:52 PM assignment_1.SqlLib selectMany
INFO: replacement_cost: 21.99
Feb 11, 2022 11:56:52 PM assignment_1.SqlLib selectMany
INFO: rating: PG
Feb 11, 2022 11:56:52 PM assignment_1.SqlLib selectMany
INFO: special_features: Deleted Scenes,Behind the Scenes
Feb 11, 2022 11:56:52 PM assignment_1.SqlLib selectMany
INFO: last_update: 2006-02-15 05:03:42
Feb 11, 2022 11:56:52 PM assignment_1.SqlLib constructQuery
INFO: Started Constructing the query with queryId: selectCountries
Feb 11, 2022 11:56:52 PM assignment_1.SqlLib constructQuery
INFO: SELECT * FROM country;
Feb 11, 2022 11:56:52 PM assignment_1.SqlLib constructQuery
INFO: ParamType: org.foo.Bar
Feb 11, 2022 11:56:52 PM assignment_1.SqlLib executeQuery
INFO: Executing the query SELECT * FROM country;
Feb 11, 2022 11:56:52 PM assignment_1.SqlLib executeQuery
INFO: Succesfully executed the query
Feb 11, 2022 11:56:52 PM assignment_1.SqlLib selectMany
INFO: country_id: 1
Feb 11, 2022 11:56:52 PM assignment_1.SqlLib selectMany
INFO: country: Afghanistan
Feb 11, 2022 11:56:52 PM assignment_1.SqlLib selectMany
INFO: last_update: 2006-02-15 04:44:00
Feb 11, 2022 11:56:52 PM assignment_1.SqlLib selectMany
INFO: country_id: 2
Feb 11, 2022 11:56:52 PM assignment_1.SqlLib selectMany
INFO: country: Algeria
Feb 11, 2022 11:56:52 PM assignment_1.SqlLib selectMany
INFO: last_update: 2006-02-15 04:44:00
Feb 11, 2022 11:56:52 PM assignment_1.SqlLib selectMany
INFO: country_id: 3
Feb 11, 2022 11:56:52 PM assignment_1.SqlLib selectMany
INFO: country: American Samoa
Feb 11, 2022 11:56:52 PM assignment_1.SqlLib selectMany
INFO: last_update: 2006-02-15 04:44:00
Feb 11, 2022 11:56:52 PM assignment_1.SqlLib selectMany
INFO: country_id: 4
Feb 11, 2022 11:56:52 PM assignment_1.SqlLib selectMany
INFO: country: Angola
Feb 11, 2022 11:56:52 PM assignment_1.SqlLib selectMany
INFO: last_update: 2006-02-15 04:44:00
Feb 11, 2022 11:56:52 PM assignment_1.SqlLib selectMany
INFO: country_id: 5
Feb 11, 2022 11:56:52 PM assignment_1.SqlLib selectMany
INFO: country: Anguilla
Feb 11, 2022 11:56:52 PM assignment_1.SqlLib selectMany
INFO: last_update: 2006-02-15 04:44:00
Feb 11, 2022 11:56:52 PM assignment_1.SqlLib selectMany
INFO: country_id: 6
Feb 11, 2022 11:56:52 PM assignment_1.SqlLib selectMany
INFO: country: Argentina
Feb 11, 2022 11:56:52 PM assignment_1.SqlLib selectMany
INFO: last_update: 2006-02-15 04:44:00
Feb 11, 2022 11:56:52 PM assignment_1.SqlLib selectMany
INFO: country_id: 7
Feb 11, 2022 11:56:52 PM assignment_1.SqlLib selectMany
INFO: country: Armenia
Feb 11, 2022 11:56:52 PM assignment_1.SqlLib selectMany
INFO: last_update: 2006-02-15 04:44:00
Feb 11, 2022 11:56:52 PM assignment_1.SqlLib selectMany
INFO: country_id: 8
Feb 11, 2022 11:56:52 PM assignment_1.SqlLib selectMany
INFO: country: Australia
Feb 11, 2022 11:56:52 PM assignment_1.SqlLib selectMany
INFO: last_update: 2006-02-15 04:44:00
Feb 11, 2022 11:56:52 PM assignment_1.SqlLib selectMany
INFO: country_id: 9
Feb 11, 2022 11:56:52 PM assignment_1.SqlLib selectMany
INFO: country: Austria
Feb 11, 2022 11:56:52 PM assignment_1.SqlLib selectMany
INFO: last_update: 2006-02-15 04:44:00
Feb 11, 2022 11:56:52 PM assignment_1.SqlLib selectMany
INFO: country_id: 10
Feb 11, 2022 11:56:52 PM assignment_1.SqlLib selectMany
INFO: country: Azerbaijan
Feb 11, 2022 11:56:52 PM assignment_1.SqlLib selectMany
INFO: last_update: 2006-02-15 04:44:00
Feb 11, 2022 11:56:52 PM assignment_1.SqlLib selectMany
INFO: country_id: 11
Feb 11, 2022 11:56:52 PM assignment_1.SqlLib selectMany
INFO: country: Bahrain
Feb 11, 2022 11:56:52 PM assignment_1.SqlLib selectMany
INFO: last_update: 2006-02-15 04:44:00
Feb 11, 2022 11:56:52 PM assignment_1.SqlLib selectMany
INFO: country_id: 12
Feb 11, 2022 11:56:52 PM assignment_1.SqlLib selectMany
INFO: country: Bangladesh
Feb 11, 2022 11:56:52 PM assignment_1.SqlLib selectMany
INFO: last_update: 2006-02-15 04:44:00
Feb 11, 2022 11:56:52 PM assignment_1.SqlLib selectMany
INFO: country_id: 13
Feb 11, 2022 11:56:52 PM assignment_1.SqlLib selectMany
INFO: country: Belarus
Feb 11, 2022 11:56:52 PM assignment_1.SqlLib selectMany
INFO: last_update: 2006-02-15 04:44:00
Feb 11, 2022 11:56:52 PM assignment_1.SqlLib selectMany
INFO: country_id: 14
Feb 11, 2022 11:56:52 PM assignment_1.SqlLib selectMany
INFO: country: Bolivia
Feb 11, 2022 11:56:52 PM assignment_1.SqlLib selectMany
INFO: last_update: 2006-02-15 04:44:00
Feb 11, 2022 11:56:52 PM assignment_1.SqlLib selectMany
INFO: country_id: 15
Feb 11, 2022 11:56:52 PM assignment_1.SqlLib selectMany
INFO: country: Brazil
Feb 11, 2022 11:56:52 PM assignment_1.SqlLib selectMany
INFO: last_update: 2006-02-15 04:44:00
Feb 11, 2022 11:56:52 PM assignment_1.SqlLib selectMany
INFO: country_id: 16
Feb 11, 2022 11:56:52 PM assignment_1.SqlLib selectMany
INFO: country: Brunei
Feb 11, 2022 11:56:52 PM assignment_1.SqlLib selectMany
INFO: last_update: 2006-02-15 04:44:00
Feb 11, 2022 11:56:52 PM assignment_1.SqlLib selectMany
INFO: country_id: 17
Feb 11, 2022 11:56:52 PM assignment_1.SqlLib selectMany
INFO: country: Bulgaria
Feb 11, 2022 11:56:52 PM assignment_1.SqlLib selectMany
INFO: last_update: 2006-02-15 04:44:00
Feb 11, 2022 11:56:52 PM assignment_1.SqlLib selectMany
INFO: country_id: 18
Feb 11, 2022 11:56:52 PM assignment_1.SqlLib selectMany
INFO: country: Cambodia
Feb 11, 2022 11:56:52 PM assignment_1.SqlLib selectMany
INFO: last_update: 2006-02-15 04:44:00
Feb 11, 2022 11:56:52 PM assignment_1.SqlLib selectMany
INFO: country_id: 19
Feb 11, 2022 11:56:52 PM assignment_1.SqlLib selectMany
INFO: country: Cameroon
Feb 11, 2022 11:56:52 PM assignment_1.SqlLib selectMany
INFO: last_update: 2006-02-15 04:44:00
Feb 11, 2022 11:56:52 PM assignment_1.SqlLib selectMany
INFO: country_id: 20
Feb 11, 2022 11:56:52 PM assignment_1.SqlLib selectMany
INFO: country: Canada
Feb 11, 2022 11:56:52 PM assignment_1.SqlLib selectMany
INFO: last_update: 2006-02-15 04:44:00
Feb 11, 2022 11:56:52 PM assignment_1.SqlLib selectMany
INFO: country_id: 21
Feb 11, 2022 11:56:52 PM assignment_1.SqlLib selectMany
INFO: country: Chad
Feb 11, 2022 11:56:52 PM assignment_1.SqlLib selectMany
INFO: last_update: 2006-02-15 04:44:00
Feb 11, 2022 11:56:52 PM assignment_1.SqlLib selectMany
INFO: country_id: 22
Feb 11, 2022 11:56:52 PM assignment_1.SqlLib selectMany
INFO: country: Chile
Feb 11, 2022 11:56:52 PM assignment_1.SqlLib selectMany
INFO: last_update: 2006-02-15 04:44:00
Feb 11, 2022 11:56:52 PM assignment_1.SqlLib selectMany
INFO: country_id: 23
Feb 11, 2022 11:56:52 PM assignment_1.SqlLib selectMany
INFO: country: China
Feb 11, 2022 11:56:52 PM assignment_1.SqlLib selectMany
INFO: last_update: 2006-02-15 04:44:00
Feb 11, 2022 11:56:52 PM assignment_1.SqlLib selectMany
INFO: country_id: 24
Feb 11, 2022 11:56:52 PM assignment_1.SqlLib selectMany
INFO: country: Colombia
Feb 11, 2022 11:56:52 PM assignment_1.SqlLib selectMany
INFO: last_update: 2006-02-15 04:44:00
Feb 11, 2022 11:56:52 PM assignment_1.SqlLib selectMany
INFO: country_id: 25
Feb 11, 2022 11:56:52 PM assignment_1.SqlLib selectMany
INFO: country: Congo, The Democratic Republic of the
Feb 11, 2022 11:56:52 PM assignment_1.SqlLib selectMany
INFO: last_update: 2006-02-15 04:44:00
Feb 11, 2022 11:56:52 PM assignment_1.SqlLib selectMany
INFO: country_id: 26
Feb 11, 2022 11:56:52 PM assignment_1.SqlLib selectMany
INFO: country: Czech Republic
Feb 11, 2022 11:56:52 PM assignment_1.SqlLib selectMany
INFO: last_update: 2006-02-15 04:44:00
Feb 11, 2022 11:56:52 PM assignment_1.SqlLib selectMany
INFO: country_id: 27
Feb 11, 2022 11:56:52 PM assignment_1.SqlLib selectMany
INFO: country: Dominican Republic
Feb 11, 2022 11:56:52 PM assignment_1.SqlLib selectMany
INFO: last_update: 2006-02-15 04:44:00
Feb 11, 2022 11:56:52 PM assignment_1.SqlLib selectMany
INFO: country_id: 28
Feb 11, 2022 11:56:52 PM assignment_1.SqlLib selectMany
INFO: country: Ecuador
Feb 11, 2022 11:56:52 PM assignment_1.SqlLib selectMany
INFO: last_update: 2006-02-15 04:44:00
Feb 11, 2022 11:56:52 PM assignment_1.SqlLib selectMany
INFO: country_id: 29
Feb 11, 2022 11:56:52 PM assignment_1.SqlLib selectMany
INFO: country: Egypt
Feb 11, 2022 11:56:52 PM assignment_1.SqlLib selectMany
INFO: last_update: 2006-02-15 04:44:00
Feb 11, 2022 11:56:52 PM assignment_1.SqlLib selectMany
INFO: country_id: 30
Feb 11, 2022 11:56:52 PM assignment_1.SqlLib selectMany
INFO: country: Estonia
Feb 11, 2022 11:56:52 PM assignment_1.SqlLib selectMany
INFO: last_update: 2006-02-15 04:44:00
Feb 11, 2022 11:56:52 PM assignment_1.SqlLib selectMany
INFO: country_id: 31
Feb 11, 2022 11:56:52 PM assignment_1.SqlLib selectMany
INFO: country: Ethiopia
Feb 11, 2022 11:56:52 PM assignment_1.SqlLib selectMany
INFO: last_update: 2006-02-15 04:44:00
Feb 11, 2022 11:56:52 PM assignment_1.SqlLib selectMany
INFO: country_id: 32
Feb 11, 2022 11:56:52 PM assignment_1.SqlLib selectMany
INFO: country: Faroe Islands
Feb 11, 2022 11:56:52 PM assignment_1.SqlLib selectMany
INFO: last_update: 2006-02-15 04:44:00
Feb 11, 2022 11:56:52 PM assignment_1.SqlLib selectMany
INFO: country_id: 33
Feb 11, 2022 11:56:52 PM assignment_1.SqlLib selectMany
INFO: country: Finland
Feb 11, 2022 11:56:52 PM assignment_1.SqlLib selectMany
INFO: last_update: 2006-02-15 04:44:00
Feb 11, 2022 11:56:52 PM assignment_1.SqlLib selectMany
INFO: country_id: 34
Feb 11, 2022 11:56:52 PM assignment_1.SqlLib selectMany
INFO: country: France
Feb 11, 2022 11:56:52 PM assignment_1.SqlLib selectMany
INFO: last_update: 2006-02-15 04:44:00
Feb 11, 2022 11:56:52 PM assignment_1.SqlLib selectMany
INFO: country_id: 35
Feb 11, 2022 11:56:52 PM assignment_1.SqlLib selectMany
INFO: country: French Guiana
Feb 11, 2022 11:56:52 PM assignment_1.SqlLib selectMany
INFO: last_update: 2006-02-15 04:44:00
Feb 11, 2022 11:56:52 PM assignment_1.SqlLib selectMany
INFO: country_id: 36
Feb 11, 2022 11:56:52 PM assignment_1.SqlLib selectMany
INFO: country: French Polynesia
Feb 11, 2022 11:56:52 PM assignment_1.SqlLib selectMany
INFO: last_update: 2006-02-15 04:44:00
Feb 11, 2022 11:56:52 PM assignment_1.SqlLib selectMany
INFO: country_id: 37
Feb 11, 2022 11:56:52 PM assignment_1.SqlLib selectMany
INFO: country: Gambia
Feb 11, 2022 11:56:52 PM assignment_1.SqlLib selectMany
INFO: last_update: 2006-02-15 04:44:00
Feb 11, 2022 11:56:52 PM assignment_1.SqlLib selectMany
INFO: country_id: 38
Feb 11, 2022 11:56:52 PM assignment_1.SqlLib selectMany
INFO: country: Germany
Feb 11, 2022 11:56:52 PM assignment_1.SqlLib selectMany
INFO: last_update: 2006-02-15 04:44:00
Feb 11, 2022 11:56:52 PM assignment_1.SqlLib selectMany
INFO: country_id: 39
Feb 11, 2022 11:56:52 PM assignment_1.SqlLib selectMany
INFO: country: Greece
Feb 11, 2022 11:56:52 PM assignment_1.SqlLib selectMany
INFO: last_update: 2006-02-15 04:44:00
Feb 11, 2022 11:56:52 PM assignment_1.SqlLib selectMany
INFO: country_id: 40
Feb 11, 2022 11:56:52 PM assignment_1.SqlLib selectMany
INFO: country: Greenland
Feb 11, 2022 11:56:52 PM assignment_1.SqlLib selectMany
INFO: last_update: 2006-02-15 04:44:00
Feb 11, 2022 11:56:52 PM assignment_1.SqlLib selectMany
INFO: country_id: 41
Feb 11, 2022 11:56:52 PM assignment_1.SqlLib selectMany
INFO: country: Holy See (Vatican City State)
Feb 11, 2022 11:56:52 PM assignment_1.SqlLib selectMany
INFO: last_update: 2006-02-15 04:44:00
Feb 11, 2022 11:56:52 PM assignment_1.SqlLib selectMany
INFO: country_id: 42
Feb 11, 2022 11:56:52 PM assignment_1.SqlLib selectMany
INFO: country: Hong Kong
Feb 11, 2022 11:56:52 PM assignment_1.SqlLib selectMany
INFO: last_update: 2006-02-15 04:44:00
Feb 11, 2022 11:56:52 PM assignment_1.SqlLib selectMany
INFO: country_id: 43
Feb 11, 2022 11:56:52 PM assignment_1.SqlLib selectMany
INFO: country: Hungary
Feb 11, 2022 11:56:52 PM assignment_1.SqlLib selectMany
INFO: last_update: 2006-02-15 04:44:00
Feb 11, 2022 11:56:52 PM assignment_1.SqlLib selectMany
INFO: country_id: 44
Feb 11, 2022 11:56:52 PM assignment_1.SqlLib selectMany
INFO: country: India
Feb 11, 2022 11:56:52 PM assignment_1.SqlLib selectMany
INFO: last_update: 2006-02-15 04:44:00
Feb 11, 2022 11:56:52 PM assignment_1.SqlLib selectMany
INFO: country_id: 45
Feb 11, 2022 11:56:52 PM assignment_1.SqlLib selectMany
INFO: country: Indonesia
Feb 11, 2022 11:56:52 PM assignment_1.SqlLib selectMany
INFO: last_update: 2006-02-15 04:44:00
Feb 11, 2022 11:56:52 PM assignment_1.SqlLib selectMany
INFO: country_id: 46
Feb 11, 2022 11:56:52 PM assignment_1.SqlLib selectMany
INFO: country: Iran
Feb 11, 2022 11:56:52 PM assignment_1.SqlLib selectMany
INFO: last_update: 2006-02-15 04:44:00
Feb 11, 2022 11:56:52 PM assignment_1.SqlLib selectMany
INFO: country_id: 47
Feb 11, 2022 11:56:52 PM assignment_1.SqlLib selectMany
INFO: country: Iraq
Feb 11, 2022 11:56:52 PM assignment_1.SqlLib selectMany
INFO: last_update: 2006-02-15 04:44:00
Feb 11, 2022 11:56:52 PM assignment_1.SqlLib selectMany
INFO: country_id: 48
Feb 11, 2022 11:56:52 PM assignment_1.SqlLib selectMany
INFO: country: Israel
Feb 11, 2022 11:56:52 PM assignment_1.SqlLib selectMany
INFO: last_update: 2006-02-15 04:44:00
Feb 11, 2022 11:56:52 PM assignment_1.SqlLib selectMany
INFO: country_id: 49
Feb 11, 2022 11:56:52 PM assignment_1.SqlLib selectMany
INFO: country: Italy
Feb 11, 2022 11:56:52 PM assignment_1.SqlLib selectMany
INFO: last_update: 2006-02-15 04:44:00
Feb 11, 2022 11:56:52 PM assignment_1.SqlLib selectMany
INFO: country_id: 50
Feb 11, 2022 11:56:52 PM assignment_1.SqlLib selectMany
INFO: country: Japan
Feb 11, 2022 11:56:52 PM assignment_1.SqlLib selectMany
INFO: last_update: 2006-02-15 04:44:00
Feb 11, 2022 11:56:52 PM assignment_1.SqlLib selectMany
INFO: country_id: 51
Feb 11, 2022 11:56:52 PM assignment_1.SqlLib selectMany
INFO: country: Kazakstan
Feb 11, 2022 11:56:52 PM assignment_1.SqlLib selectMany
INFO: last_update: 2006-02-15 04:44:00
Feb 11, 2022 11:56:52 PM assignment_1.SqlLib selectMany
INFO: country_id: 52
Feb 11, 2022 11:56:52 PM assignment_1.SqlLib selectMany
INFO: country: Kenya
Feb 11, 2022 11:56:52 PM assignment_1.SqlLib selectMany
INFO: last_update: 2006-02-15 04:44:00
Feb 11, 2022 11:56:52 PM assignment_1.SqlLib selectMany
INFO: country_id: 53
Feb 11, 2022 11:56:52 PM assignment_1.SqlLib selectMany
INFO: country: Kuwait
Feb 11, 2022 11:56:52 PM assignment_1.SqlLib selectMany
INFO: last_update: 2006-02-15 04:44:00
Feb 11, 2022 11:56:52 PM assignment_1.SqlLib selectMany
INFO: country_id: 54
Feb 11, 2022 11:56:52 PM assignment_1.SqlLib selectMany
INFO: country: Latvia
Feb 11, 2022 11:56:52 PM assignment_1.SqlLib selectMany
INFO: last_update: 2006-02-15 04:44:00
Feb 11, 2022 11:56:52 PM assignment_1.SqlLib selectMany
INFO: country_id: 55
Feb 11, 2022 11:56:52 PM assignment_1.SqlLib selectMany
INFO: country: Liechtenstein
Feb 11, 2022 11:56:52 PM assignment_1.SqlLib selectMany
INFO: last_update: 2006-02-15 04:44:00
Feb 11, 2022 11:56:52 PM assignment_1.SqlLib selectMany
INFO: country_id: 56
Feb 11, 2022 11:56:52 PM assignment_1.SqlLib selectMany
INFO: country: Lithuania
Feb 11, 2022 11:56:52 PM assignment_1.SqlLib selectMany
INFO: last_update: 2006-02-15 04:44:00
Feb 11, 2022 11:56:52 PM assignment_1.SqlLib selectMany
INFO: country_id: 57
Feb 11, 2022 11:56:52 PM assignment_1.SqlLib selectMany
INFO: country: Madagascar
Feb 11, 2022 11:56:52 PM assignment_1.SqlLib selectMany
INFO: last_update: 2006-02-15 04:44:00
Feb 11, 2022 11:56:52 PM assignment_1.SqlLib selectMany
INFO: country_id: 58
Feb 11, 2022 11:56:52 PM assignment_1.SqlLib selectMany
INFO: country: Malawi
Feb 11, 2022 11:56:52 PM assignment_1.SqlLib selectMany
INFO: last_update: 2006-02-15 04:44:00
Feb 11, 2022 11:56:52 PM assignment_1.SqlLib selectMany
INFO: country_id: 59
Feb 11, 2022 11:56:52 PM assignment_1.SqlLib selectMany
INFO: country: Malaysia
Feb 11, 2022 11:56:52 PM assignment_1.SqlLib selectMany
INFO: last_update: 2006-02-15 04:44:00
Feb 11, 2022 11:56:52 PM assignment_1.SqlLib selectMany
INFO: country_id: 60
Feb 11, 2022 11:56:52 PM assignment_1.SqlLib selectMany
INFO: country: Mexico
Feb 11, 2022 11:56:52 PM assignment_1.SqlLib selectMany
INFO: last_update: 2006-02-15 04:44:00
Feb 11, 2022 11:56:52 PM assignment_1.SqlLib selectMany
INFO: country_id: 61
Feb 11, 2022 11:56:52 PM assignment_1.SqlLib selectMany
INFO: country: Moldova
Feb 11, 2022 11:56:52 PM assignment_1.SqlLib selectMany
INFO: last_update: 2006-02-15 04:44:00
Feb 11, 2022 11:56:52 PM assignment_1.SqlLib selectMany
INFO: country_id: 62
Feb 11, 2022 11:56:52 PM assignment_1.SqlLib selectMany
INFO: country: Morocco
Feb 11, 2022 11:56:52 PM assignment_1.SqlLib selectMany
INFO: last_update: 2006-02-15 04:44:00
Feb 11, 2022 11:56:52 PM assignment_1.SqlLib selectMany
INFO: country_id: 63
Feb 11, 2022 11:56:52 PM assignment_1.SqlLib selectMany
INFO: country: Mozambique
Feb 11, 2022 11:56:52 PM assignment_1.SqlLib selectMany
INFO: last_update: 2006-02-15 04:44:00
Feb 11, 2022 11:56:52 PM assignment_1.SqlLib selectMany
INFO: country_id: 64
Feb 11, 2022 11:56:52 PM assignment_1.SqlLib selectMany
INFO: country: Myanmar
Feb 11, 2022 11:56:52 PM assignment_1.SqlLib selectMany
INFO: last_update: 2006-02-15 04:44:00
Feb 11, 2022 11:56:52 PM assignment_1.SqlLib selectMany
INFO: country_id: 65
Feb 11, 2022 11:56:52 PM assignment_1.SqlLib selectMany
INFO: country: Nauru
Feb 11, 2022 11:56:52 PM assignment_1.SqlLib selectMany
INFO: last_update: 2006-02-15 04:44:00
Feb 11, 2022 11:56:52 PM assignment_1.SqlLib selectMany
INFO: country_id: 66
Feb 11, 2022 11:56:52 PM assignment_1.SqlLib selectMany
INFO: country: Nepal
Feb 11, 2022 11:56:52 PM assignment_1.SqlLib selectMany
INFO: last_update: 2006-02-15 04:44:00
Feb 11, 2022 11:56:52 PM assignment_1.SqlLib selectMany
INFO: country_id: 67
Feb 11, 2022 11:56:52 PM assignment_1.SqlLib selectMany
INFO: country: Netherlands
Feb 11, 2022 11:56:52 PM assignment_1.SqlLib selectMany
INFO: last_update: 2006-02-15 04:44:00
Feb 11, 2022 11:56:52 PM assignment_1.SqlLib selectMany
INFO: country_id: 68
Feb 11, 2022 11:56:52 PM assignment_1.SqlLib selectMany
INFO: country: New Zealand
Feb 11, 2022 11:56:52 PM assignment_1.SqlLib selectMany
INFO: last_update: 2006-02-15 04:44:00
Feb 11, 2022 11:56:52 PM assignment_1.SqlLib selectMany
INFO: country_id: 69
Feb 11, 2022 11:56:52 PM assignment_1.SqlLib selectMany
INFO: country: Nigeria
Feb 11, 2022 11:56:52 PM assignment_1.SqlLib selectMany
INFO: last_update: 2006-02-15 04:44:00
Feb 11, 2022 11:56:52 PM assignment_1.SqlLib selectMany
INFO: country_id: 70
Feb 11, 2022 11:56:52 PM assignment_1.SqlLib selectMany
INFO: country: North Korea
Feb 11, 2022 11:56:52 PM assignment_1.SqlLib selectMany
INFO: last_update: 2006-02-15 04:44:00
Feb 11, 2022 11:56:52 PM assignment_1.SqlLib selectMany
INFO: country_id: 71
Feb 11, 2022 11:56:52 PM assignment_1.SqlLib selectMany
INFO: country: Oman
Feb 11, 2022 11:56:52 PM assignment_1.SqlLib selectMany
INFO: last_update: 2006-02-15 04:44:00
Feb 11, 2022 11:56:52 PM assignment_1.SqlLib selectMany
INFO: country_id: 72
Feb 11, 2022 11:56:52 PM assignment_1.SqlLib selectMany
INFO: country: Pakistan
Feb 11, 2022 11:56:52 PM assignment_1.SqlLib selectMany
INFO: last_update: 2006-02-15 04:44:00
Feb 11, 2022 11:56:52 PM assignment_1.SqlLib selectMany
INFO: country_id: 73
Feb 11, 2022 11:56:52 PM assignment_1.SqlLib selectMany
INFO: country: Paraguay
Feb 11, 2022 11:56:52 PM assignment_1.SqlLib selectMany
INFO: last_update: 2006-02-15 04:44:00
Feb 11, 2022 11:56:52 PM assignment_1.SqlLib selectMany
INFO: country_id: 74
Feb 11, 2022 11:56:52 PM assignment_1.SqlLib selectMany
INFO: country: Peru
Feb 11, 2022 11:56:52 PM assignment_1.SqlLib selectMany
INFO: last_update: 2006-02-15 04:44:00
Feb 11, 2022 11:56:52 PM assignment_1.SqlLib selectMany
INFO: country_id: 75
Feb 11, 2022 11:56:52 PM assignment_1.SqlLib selectMany
INFO: country: Philippines
Feb 11, 2022 11:56:52 PM assignment_1.SqlLib selectMany
INFO: last_update: 2006-02-15 04:44:00
Feb 11, 2022 11:56:52 PM assignment_1.SqlLib selectMany
INFO: country_id: 76
Feb 11, 2022 11:56:52 PM assignment_1.SqlLib selectMany
INFO: country: Poland
Feb 11, 2022 11:56:52 PM assignment_1.SqlLib selectMany
INFO: last_update: 2006-02-15 04:44:00
Feb 11, 2022 11:56:52 PM assignment_1.SqlLib selectMany
INFO: country_id: 77
Feb 11, 2022 11:56:52 PM assignment_1.SqlLib selectMany
INFO: country: Puerto Rico
Feb 11, 2022 11:56:52 PM assignment_1.SqlLib selectMany
INFO: last_update: 2006-02-15 04:44:00
Feb 11, 2022 11:56:52 PM assignment_1.SqlLib selectMany
INFO: country_id: 78
Feb 11, 2022 11:56:52 PM assignment_1.SqlLib selectMany
INFO: country: Romania
Feb 11, 2022 11:56:52 PM assignment_1.SqlLib selectMany
INFO: last_update: 2006-02-15 04:44:00
Feb 11, 2022 11:56:52 PM assignment_1.SqlLib selectMany
INFO: country_id: 79
Feb 11, 2022 11:56:52 PM assignment_1.SqlLib selectMany
INFO: country: Runion
Feb 11, 2022 11:56:52 PM assignment_1.SqlLib selectMany
INFO: last_update: 2006-02-15 04:44:00
Feb 11, 2022 11:56:52 PM assignment_1.SqlLib selectMany
INFO: country_id: 80
Feb 11, 2022 11:56:52 PM assignment_1.SqlLib selectMany
INFO: country: Russian Federation
Feb 11, 2022 11:56:52 PM assignment_1.SqlLib selectMany
INFO: last_update: 2006-02-15 04:44:00
Feb 11, 2022 11:56:52 PM assignment_1.SqlLib selectMany
INFO: country_id: 81
Feb 11, 2022 11:56:52 PM assignment_1.SqlLib selectMany
INFO: country: Saint Vincent and the Grenadines
Feb 11, 2022 11:56:52 PM assignment_1.SqlLib selectMany
INFO: last_update: 2006-02-15 04:44:00
Feb 11, 2022 11:56:52 PM assignment_1.SqlLib selectMany
INFO: country_id: 82
Feb 11, 2022 11:56:52 PM assignment_1.SqlLib selectMany
INFO: country: Saudi Arabia
Feb 11, 2022 11:56:52 PM assignment_1.SqlLib selectMany
INFO: last_update: 2006-02-15 04:44:00
Feb 11, 2022 11:56:52 PM assignment_1.SqlLib selectMany
INFO: country_id: 83
Feb 11, 2022 11:56:52 PM assignment_1.SqlLib selectMany
INFO: country: Senegal
Feb 11, 2022 11:56:52 PM assignment_1.SqlLib selectMany
INFO: last_update: 2006-02-15 04:44:00
Feb 11, 2022 11:56:52 PM assignment_1.SqlLib selectMany
INFO: country_id: 84
Feb 11, 2022 11:56:52 PM assignment_1.SqlLib selectMany
INFO: country: Slovakia
Feb 11, 2022 11:56:52 PM assignment_1.SqlLib selectMany
INFO: last_update: 2006-02-15 04:44:00
Feb 11, 2022 11:56:52 PM assignment_1.SqlLib selectMany
INFO: country_id: 85
Feb 11, 2022 11:56:52 PM assignment_1.SqlLib selectMany
INFO: country: South Africa
Feb 11, 2022 11:56:52 PM assignment_1.SqlLib selectMany
INFO: last_update: 2006-02-15 04:44:00
Feb 11, 2022 11:56:52 PM assignment_1.SqlLib selectMany
INFO: country_id: 86
Feb 11, 2022 11:56:52 PM assignment_1.SqlLib selectMany
INFO: country: South Korea
Feb 11, 2022 11:56:52 PM assignment_1.SqlLib selectMany
INFO: last_update: 2006-02-15 04:44:00
Feb 11, 2022 11:56:52 PM assignment_1.SqlLib selectMany
INFO: country_id: 87
Feb 11, 2022 11:56:52 PM assignment_1.SqlLib selectMany
INFO: country: Spain
Feb 11, 2022 11:56:52 PM assignment_1.SqlLib selectMany
INFO: last_update: 2006-02-15 04:44:00
Feb 11, 2022 11:56:52 PM assignment_1.SqlLib selectMany
INFO: country_id: 88
Feb 11, 2022 11:56:52 PM assignment_1.SqlLib selectMany
INFO: country: Sri Lanka
Feb 11, 2022 11:56:52 PM assignment_1.SqlLib selectMany
INFO: last_update: 2006-02-15 04:44:00
Feb 11, 2022 11:56:52 PM assignment_1.SqlLib selectMany
INFO: country_id: 89
Feb 11, 2022 11:56:52 PM assignment_1.SqlLib selectMany
INFO: country: Sudan
Feb 11, 2022 11:56:52 PM assignment_1.SqlLib selectMany
INFO: last_update: 2006-02-15 04:44:00
Feb 11, 2022 11:56:52 PM assignment_1.SqlLib selectMany
INFO: country_id: 90
Feb 11, 2022 11:56:52 PM assignment_1.SqlLib selectMany
INFO: country: Sweden
Feb 11, 2022 11:56:52 PM assignment_1.SqlLib selectMany
INFO: last_update: 2006-02-15 04:44:00
Feb 11, 2022 11:56:52 PM assignment_1.SqlLib selectMany
INFO: country_id: 91
Feb 11, 2022 11:56:52 PM assignment_1.SqlLib selectMany
INFO: country: Switzerland
Feb 11, 2022 11:56:52 PM assignment_1.SqlLib selectMany
INFO: last_update: 2006-02-15 04:44:00
Feb 11, 2022 11:56:52 PM assignment_1.SqlLib selectMany
INFO: country_id: 92
Feb 11, 2022 11:56:52 PM assignment_1.SqlLib selectMany
INFO: country: Taiwan
Feb 11, 2022 11:56:52 PM assignment_1.SqlLib selectMany
INFO: last_update: 2006-02-15 04:44:00
Feb 11, 2022 11:56:52 PM assignment_1.SqlLib selectMany
INFO: country_id: 93
Feb 11, 2022 11:56:52 PM assignment_1.SqlLib selectMany
INFO: country: Tanzania
Feb 11, 2022 11:56:52 PM assignment_1.SqlLib selectMany
INFO: last_update: 2006-02-15 04:44:00
Feb 11, 2022 11:56:52 PM assignment_1.SqlLib selectMany
INFO: country_id: 94
Feb 11, 2022 11:56:52 PM assignment_1.SqlLib selectMany
INFO: country: Thailand
Feb 11, 2022 11:56:52 PM assignment_1.SqlLib selectMany
INFO: last_update: 2006-02-15 04:44:00
Feb 11, 2022 11:56:52 PM assignment_1.SqlLib selectMany
INFO: country_id: 95
Feb 11, 2022 11:56:52 PM assignment_1.SqlLib selectMany
INFO: country: Tonga
Feb 11, 2022 11:56:52 PM assignment_1.SqlLib selectMany
INFO: last_update: 2006-02-15 04:44:00
Feb 11, 2022 11:56:52 PM assignment_1.SqlLib selectMany
INFO: country_id: 96
Feb 11, 2022 11:56:52 PM assignment_1.SqlLib selectMany
INFO: country: Tunisia
Feb 11, 2022 11:56:52 PM assignment_1.SqlLib selectMany
INFO: last_update: 2006-02-15 04:44:00
Feb 11, 2022 11:56:52 PM assignment_1.SqlLib selectMany
INFO: country_id: 97
Feb 11, 2022 11:56:52 PM assignment_1.SqlLib selectMany
INFO: country: Turkey
Feb 11, 2022 11:56:52 PM assignment_1.SqlLib selectMany
INFO: last_update: 2006-02-15 04:44:00
Feb 11, 2022 11:56:52 PM assignment_1.SqlLib selectMany
INFO: country_id: 98
Feb 11, 2022 11:56:52 PM assignment_1.SqlLib selectMany
INFO: country: Turkmenistan
Feb 11, 2022 11:56:52 PM assignment_1.SqlLib selectMany
INFO: last_update: 2006-02-15 04:44:00
Feb 11, 2022 11:56:52 PM assignment_1.SqlLib selectMany
INFO: country_id: 99
Feb 11, 2022 11:56:52 PM assignment_1.SqlLib selectMany
INFO: country: Tuvalu
Feb 11, 2022 11:56:52 PM assignment_1.SqlLib selectMany
INFO: last_update: 2006-02-15 04:44:00
Feb 11, 2022 11:56:52 PM assignment_1.SqlLib selectMany
INFO: country_id: 100
Feb 11, 2022 11:56:52 PM assignment_1.SqlLib selectMany
INFO: country: Ukraine
Feb 11, 2022 11:56:52 PM assignment_1.SqlLib selectMany
INFO: last_update: 2006-02-15 04:44:00
Feb 11, 2022 11:56:52 PM assignment_1.SqlLib selectMany
INFO: country_id: 101
Feb 11, 2022 11:56:52 PM assignment_1.SqlLib selectMany
INFO: country: United Arab Emirates
Feb 11, 2022 11:56:52 PM assignment_1.SqlLib selectMany
INFO: last_update: 2006-02-15 04:44:00
Feb 11, 2022 11:56:52 PM assignment_1.SqlLib selectMany
INFO: country_id: 102
Feb 11, 2022 11:56:52 PM assignment_1.SqlLib selectMany
INFO: country: United Kingdom
Feb 11, 2022 11:56:52 PM assignment_1.SqlLib selectMany
INFO: last_update: 2006-02-15 04:44:00
Feb 11, 2022 11:56:52 PM assignment_1.SqlLib selectMany
INFO: country_id: 103
Feb 11, 2022 11:56:52 PM assignment_1.SqlLib selectMany
INFO: country: United States
Feb 11, 2022 11:56:52 PM assignment_1.SqlLib selectMany
INFO: last_update: 2006-02-15 04:44:00
Feb 11, 2022 11:56:52 PM assignment_1.SqlLib selectMany
INFO: country_id: 104
Feb 11, 2022 11:56:52 PM assignment_1.SqlLib selectMany
INFO: country: Venezuela
Feb 11, 2022 11:56:52 PM assignment_1.SqlLib selectMany
INFO: last_update: 2006-02-15 04:44:00
Feb 11, 2022 11:56:52 PM assignment_1.SqlLib selectMany
INFO: country_id: 105
Feb 11, 2022 11:56:52 PM assignment_1.SqlLib selectMany
INFO: country: Vietnam
Feb 11, 2022 11:56:52 PM assignment_1.SqlLib selectMany
INFO: last_update: 2006-02-15 04:44:00
Feb 11, 2022 11:56:52 PM assignment_1.SqlLib selectMany
INFO: country_id: 106
Feb 11, 2022 11:56:52 PM assignment_1.SqlLib selectMany
INFO: country: Virgin Islands, U.S.
Feb 11, 2022 11:56:52 PM assignment_1.SqlLib selectMany
INFO: last_update: 2006-02-15 04:44:00
Feb 11, 2022 11:56:52 PM assignment_1.SqlLib selectMany
INFO: country_id: 107
Feb 11, 2022 11:56:52 PM assignment_1.SqlLib selectMany
INFO: country: Yemen
Feb 11, 2022 11:56:52 PM assignment_1.SqlLib selectMany
INFO: last_update: 2006-02-15 04:44:00
Feb 11, 2022 11:56:52 PM assignment_1.SqlLib selectMany
INFO: country_id: 108
Feb 11, 2022 11:56:52 PM assignment_1.SqlLib selectMany
INFO: country: Yugoslavia
Feb 11, 2022 11:56:52 PM assignment_1.SqlLib selectMany
INFO: last_update: 2006-02-15 04:44:00
Feb 11, 2022 11:56:52 PM assignment_1.SqlLib selectMany
INFO: country_id: 109
Feb 11, 2022 11:56:52 PM assignment_1.SqlLib selectMany
INFO: country: Zambia
Feb 11, 2022 11:56:52 PM assignment_1.SqlLib selectMany
INFO: last_update: 2006-02-15 04:44:00
Feb 11, 2022 11:56:52 PM assignment_1.SqlLib <init>
INFO: The Constructor has been Invoked
Feb 11, 2022 11:56:52 PM assignment_1.SqlLib <init>
INFO: Trying to parse the xml file: src\test\resources\Queries.xml
Feb 11, 2022 11:56:52 PM assignment_1.SqlLib <init>
INFO: Getting all the <sql> tags
Feb 11, 2022 11:56:52 PM assignment_1.SqlLib <init>
INFO: Read the query.Query id: findMovies query: SELECT a, b, c FROM film WHERE x in ${propX[]} AND y=${propY}; paramType: org.foo.Bar
Feb 11, 2022 11:56:52 PM assignment_1.SqlLib <init>
INFO: Read the query.Query id: addMovie query: INSERT INTO film(x, y, x) VALUES(${propX}, ${propY}, ${propZ}); paramType: org.foo.Bar
Feb 11, 2022 11:56:52 PM assignment_1.SqlLib <init>
INFO: Read the query.Query id: getMovieById query: SELECT * FROM film WHERE film_id=${propX}; paramType: org.foo.Bar
Feb 11, 2022 11:56:52 PM assignment_1.SqlLib <init>
INFO: Read the query.Query id: getMoviesById query: SELECT * FROM film WHERE film_id IN ${propX[]}; paramType: org.foo.Bar
Feb 11, 2022 11:56:52 PM assignment_1.SqlLib <init>
INFO: Read the query.Query id: selectCountries query: SELECT * FROM country; paramType: org.foo.Bar
Feb 11, 2022 11:56:52 PM assignment_1.SqlLib <init>
INFO: Read the query.Query id: updateName query: UPDATE COUNTRY SET country=${propX} WHERE country_id= ${propY}; paramType: org.foo.Bar
Feb 11, 2022 11:56:52 PM assignment_1.SqlLib <init>
INFO: Read the query.Query id: updateFilmYear query: UPDATE film SET release_year=${propX} WHERE film_id= ${propY}; paramType: org.foo.Bar
Feb 11, 2022 11:56:52 PM assignment_1.SqlLib <init>
INFO: Succesfully read the XML file
Feb 11, 2022 11:56:52 PM assignment_1.SqlLib constructQuery
INFO: Started Constructing the query with queryId: updateFilmYear
Feb 11, 2022 11:56:52 PM assignment_1.SqlLib constructQuery
INFO: UPDATE film SET release_year=${propX} WHERE film_id= ${propY};
Feb 11, 2022 11:56:52 PM assignment_1.SqlLib constructQuery
INFO: ParamType: org.foo.Bar
Feb 11, 2022 11:56:52 PM assignment_1.SqlLib executeUpdate
INFO: Executing the query UPDATE film SET release_year=1925 WHERE film_id= 20;
]]></system-err>
</testsuite>
